  ChatClient.cpp
  ClientType.cpp
c:\program files (x86)\microsoft visual studio\2017\enterprise\vc\tools\msvc\14.14.26428\include\thr\xthread(238): error C2672: 'std::invoke': no matching overloaded function found
  c:\program files (x86)\microsoft visual studio\2017\enterprise\vc\tools\msvc\14.14.26428\include\thr\xthread(246): note: see reference to function template instantiation 'void std::_LaunchPad<_Target>::_Execute<0>(std::tuple<void (__thiscall ClientType::* )(void)> &,std::integer_sequence<_Ty,0>)' being compiled
          with
          [
              _Target=std::unique_ptr<std::tuple<void (__thiscall ClientType::* )(void)>,std::default_delete<std::tuple<void (__thiscall ClientType::* )(void)>>>,
              _Ty=size_t
          ]
  c:\program files (x86)\microsoft visual studio\2017\enterprise\vc\tools\msvc\14.14.26428\include\thr\xthread(245): note: see reference to function template instantiation 'void std::_LaunchPad<_Target>::_Execute<0>(std::tuple<void (__thiscall ClientType::* )(void)> &,std::integer_sequence<_Ty,0>)' being compiled
          with
          [
              _Target=std::unique_ptr<std::tuple<void (__thiscall ClientType::* )(void)>,std::default_delete<std::tuple<void (__thiscall ClientType::* )(void)>>>,
              _Ty=size_t
          ]
  c:\program files (x86)\microsoft visual studio\2017\enterprise\vc\tools\msvc\14.14.26428\include\thr\xthread(242): note: while compiling class template member function 'void std::_LaunchPad<_Target>::_Run(std::_LaunchPad<_Target> *) noexcept'
          with
          [
              _Target=std::unique_ptr<std::tuple<void (__thiscall ClientType::* )(void)>,std::default_delete<std::tuple<void (__thiscall ClientType::* )(void)>>>
          ]
  c:\program files (x86)\microsoft visual studio\2017\enterprise\vc\tools\msvc\14.14.26428\include\thr\xthread(230): note: see reference to function template instantiation 'void std::_LaunchPad<_Target>::_Run(std::_LaunchPad<_Target> *) noexcept' being compiled
          with
          [
              _Target=std::unique_ptr<std::tuple<void (__thiscall ClientType::* )(void)>,std::default_delete<std::tuple<void (__thiscall ClientType::* )(void)>>>
          ]
  c:\program files (x86)\microsoft visual studio\2017\enterprise\vc\tools\msvc\14.14.26428\include\thr\xthread(257): note: see reference to class template instantiation 'std::_LaunchPad<_Target>' being compiled
          with
          [
              _Target=std::unique_ptr<std::tuple<void (__thiscall ClientType::* )(void)>,std::default_delete<std::tuple<void (__thiscall ClientType::* )(void)>>>
          ]
  c:\program files (x86)\microsoft visual studio\2017\enterprise\vc\tools\msvc\14.14.26428\include\thread(46): note: see reference to function template instantiation 'void std::_Launch<std::unique_ptr<std::tuple<void (__thiscall ClientType::* )(void)>,std::default_delete<_Ty>>>(_Thrd_t *,_Target &&)' being compiled
          with
          [
              _Ty=std::tuple<void (__thiscall ClientType::* )(void)>,
              _Target=std::unique_ptr<std::tuple<void (__thiscall ClientType::* )(void)>,std::default_delete<std::tuple<void (__thiscall ClientType::* )(void)>>>
          ]
  d:\basic network programming\code\chatappc++\chatapp\chatclient\clienttype.cpp(119): note: see reference to function template instantiation 'std::thread::thread<void(__thiscall ClientType::* )(void),,void>(_Fn &&)' being compiled
          with
          [
              _Fn=void (__thiscall ClientType::* )(void)
          ]
c:\program files (x86)\microsoft visual studio\2017\enterprise\vc\tools\msvc\14.14.26428\include\thr\xthread(237): error C2893: Failed to specialize function template 'unknown-type std::invoke(_Callable &&,_Types &&...) noexcept(<expr>)'
  c:\program files (x86)\microsoft visual studio\2017\enterprise\vc\tools\msvc\14.14.26428\include\thr\xthread(237): note: With the following template arguments:
  c:\program files (x86)\microsoft visual studio\2017\enterprise\vc\tools\msvc\14.14.26428\include\thr\xthread(237): note: '_Callable=void (__thiscall ClientType::* )(void)'
  c:\program files (x86)\microsoft visual studio\2017\enterprise\vc\tools\msvc\14.14.26428\include\thr\xthread(237): note: '_Types={}'
  Generating Code...
